nov. 13, 2022 11:26:30 P. M. es.dominguez.inigo.main.Utils escribirLog
INFO: Error de conexionCommunications link failure

The last packet sent successfully to the server was 0 milliseconds ago. The driver has not received any packets from the server.
nov. 13, 2022 11:28:46 P. M. es.dominguez.inigo.main.Utils escribirLog
INFO: Error de conexionCommunications link failure

The last packet sent successfully to the server was 0 milliseconds ago. The driver has not received any packets from the server.
nov. 13, 2022 11:30:00 P. M. es.dominguez.inigo.main.Utils escribirLog
INFO: Error de conexionCommunications link failure

The last packet sent successfully to the server was 0 milliseconds ago. The driver has not received any packets from the server.
nov. 13, 2022 11:31:37 P. M. es.dominguez.inigo.main.Utils escribirLog
INFO: Error de conexionCommunications link failure

The last packet sent successfully to the server was 0 milliseconds ago. The driver has not received any packets from the server.
nov. 13, 2022 11:35:50 P. M. es.dominguez.inigo.main.Utils escribirLog
INFO: Error de conexionCommunications link failure

The last packet sent successfully to the server was 0 milliseconds ago. The driver has not received any packets from the server.
nov. 13, 2022 11:37:45 P. M. es.dominguez.inigo.main.Utils escribirLog
INFO: Mensaje :Field 'valoracion' doesn't have a default value
nov. 13, 2022 11:37:45 P. M. es.dominguez.inigo.main.Utils escribirLog
INFO: Mensaje :Field 'valoracion' doesn't have a default value
nov. 13, 2022 11:37:45 P. M. es.dominguez.inigo.main.Utils escribirLog
INFO: Mensaje :Field 'valoracion' doesn't have a default value
nov. 13, 2022 11:37:45 P. M. es.dominguez.inigo.main.Utils escribirLog
INFO: Mensaje :Field 'valoracion' doesn't have a default value
nov. 13, 2022 11:37:45 P. M. es.dominguez.inigo.main.Utils escribirLog
INFO: Mensaje :Field 'valoracion' doesn't have a default value
nov. 13, 2022 11:37:45 P. M. es.dominguez.inigo.main.Utils escribirLog
INFO: Mensaje :Field 'valoracion' doesn't have a default value
nov. 13, 2022 11:37:45 P. M. es.dominguez.inigo.main.Utils escribirLog
INFO: Mensaje :Field 'valoracion' doesn't have a default value
nov. 13, 2022 11:37:45 P. M. es.dominguez.inigo.main.Utils escribirLog
INFO: Mensaje :Field 'valoracion' doesn't have a default value
nov. 13, 2022 11:37:45 P. M. es.dominguez.inigo.main.Utils escribirLog
INFO: Mensaje :Field 'valoracion' doesn't have a default value
nov. 13, 2022 11:37:45 P. M. es.dominguez.inigo.main.Utils escribirLog
INFO: Mensaje :Field 'valoracion' doesn't have a default value
nov 14, 2022 9:10:19 AM es.dominguez.inigo.json.Utils escribirLog
INFORMACIÓN: Error de conexionCommunications link failure

The last packet sent successfully to the server was 0 milliseconds ago. The driver has not received any packets from the server.
nov 14, 2022 2:12:08 PM es.dominguez.inigo.json.Utils escribirLog
INFORMACIÓN: Mensaje :You have an error in your SQL syntax; check the manual that corresponds to your MySQL server version for the right syntax to use near '%'5'%' at line 1
nov 14, 2022 2:13:23 PM es.dominguez.inigo.json.Utils escribirLog
INFORMACIÓN: Mensaje :Parameter index out of range (2 > number of parameters, which is 1).
nov 14, 2022 2:13:52 PM es.dominguez.inigo.json.Utils escribirLog
INFORMACIÓN: Mensaje :Parameter index out of range (2 > number of parameters, which is 1).
nov 14, 2022 2:21:15 PM es.dominguez.inigo.json.Utils escribirLog
INFORMACIÓN: Mensaje :Parameter index out of range (2 > number of parameters, which is 1).
nov 14, 2022 2:21:25 PM es.dominguez.inigo.json.Utils escribirLog
INFORMACIÓN: Mensaje :Parameter index out of range (2 > number of parameters, which is 1).
nov 14, 2022 2:21:56 PM es.dominguez.inigo.json.Utils escribirLog
INFORMACIÓN: Mensaje :Parameter index out of range (2 > number of parameters, which is 1).
nov 14, 2022 2:34:47 PM es.dominguez.inigo.json.Utils escribirLog
INFORMACIÓN: Mensaje :Unknown column 'Title' in 'where clause'
